<?xml version="1.0" encoding="UTF-8"?>
<!-- Generated by org.testng.reporters.JUnitReportReporter -->
<testsuite hostname="DESKTOP-322V6MD" failures="0" tests="1" name="uiTests.ScrollbarsTest" time="14.185" errors="0" timestamp="2022-10-19T22:53:28 EET" skipped="0">
  <testcase classname="uiTests.ScrollbarsTest" name="scrollBarTest" time="14.185"/>
  <system-out/>
</testsuite> <!-- uiTests.ScrollbarsTest -->
