<?xml version="1.0" encoding="UTF-8"?>
<!-- Generated by org.testng.reporters.JUnitReportReporter -->
<testsuite hostname="DESKTOP-322V6MD" failures="0" tests="1" name="uiTests.DynamicTableTest" time="14.129" errors="0" timestamp="2022-10-19T22:53:28 EET" skipped="0">
  <testcase classname="uiTests.DynamicTableTest" name="dynamicTableTest" time="14.129"/>
  <system-out/>
</testsuite> <!-- uiTests.DynamicTableTest -->
