<?xml version="1.0" encoding="UTF-8"?>
<!-- Generated by org.testng.reporters.JUnitReportReporter -->
<testsuite hostname="DESKTOP-322V6MD" failures="0" tests="1" name="apiTests.tests.Tests" time="8.072" errors="0" timestamp="2022-10-19T05:19:36 EET" skipped="0">
  <testcase classname="apiTests.tests.Tests" name="EditPetDetailsTest" time="8.072"/>
  <system-out/>
</testsuite> <!-- apiTests.tests.Tests -->
