<?xml version="1.0" encoding="UTF-8"?>
<!-- Generated by org.testng.reporters.JUnitReportReporter -->
<testsuite hostname="DESKTOP-322V6MD" failures="0" tests="3" name="apiTests.tests.Tests" time="14.723" errors="0" timestamp="2022-10-19T22:53:28 EET" skipped="0">
  <testcase classname="apiTests.tests.Tests" name="createNewPetTest" time="9.838"/>
  <system-out/>
  <testcase classname="apiTests.tests.Tests" name="DeletePetTest" time="2.415"/>
  <system-out/>
  <testcase classname="apiTests.tests.Tests" name="EditPetDetailsTest" time="2.470"/>
  <system-out/>
</testsuite> <!-- apiTests.tests.Tests -->
