<?xml version="1.0" encoding="UTF-8"?>
<!-- Generated by org.testng.reporters.JUnitReportReporter -->
<testsuite hostname="DESKTOP-322V6MD" failures="0" tests="1" name="apiTests.tests.Tests" time="10.374" errors="0" timestamp="2022-10-20T00:33:11 EET" skipped="0">
  <testcase classname="apiTests.tests.Tests" name="createNewPetTest" time="10.374"/>
  <system-out/>
</testsuite> <!-- apiTests.tests.Tests -->
